<?xml version="1.0" encoding="UTF-8"?>
<testng-results skipped="0" failed="0" ignored="0" total="1" passed="1">
  <reporter-output>
  </reporter-output>
  <suite name="Default suite" duration-ms="18086" started-at="2018-10-25T05:50:26Z" finished-at="2018-10-25T05:50:44Z">
    <groups>
    </groups>
    <test name="Default test" duration-ms="18086" started-at="2018-10-25T05:50:26Z" finished-at="2018-10-25T05:50:44Z">
      <class name="API_Automation">
        <test-method status="PASS" signature="beforeTest()[pri:0, instance:API_Automation@12f203f]" name="beforeTest" is-config="true" duration-ms="15" started-at="2018-10-25T00:50:26Z" finished-at="2018-10-25T00:50:26Z">
          <reporter-output>
          </reporter-output>
        </test-method> <!-- beforeTest -->
        <test-method status="PASS" signature="beforeClass()[pri:0, instance:API_Automation@12f203f]" name="beforeClass" is-config="true" duration-ms="0" started-at="2018-10-25T00:50:26Z" finished-at="2018-10-25T00:50:26Z">
          <reporter-output>
          </reporter-output>
        </test-method> <!-- beforeClass -->
        <test-method status="PASS" signature="beforeMethod()[pri:0, instance:API_Automation@12f203f]" name="beforeMethod" is-config="true" duration-ms="1" started-at="2018-10-25T00:50:26Z" finished-at="2018-10-25T00:50:26Z">
          <reporter-output>
          </reporter-output>
        </test-method> <!-- beforeMethod -->
        <test-method status="PASS" signature="f()[pri:0, instance:API_Automation@12f203f]" name="f" duration-ms="18040" started-at="2018-10-25T00:50:26Z" finished-at="2018-10-25T00:50:44Z">
          <reporter-output>
          </reporter-output>
        </test-method> <!-- f -->
        <test-method status="PASS" signature="afterMethod()[pri:0, instance:API_Automation@12f203f]" name="afterMethod" is-config="true" duration-ms="1" started-at="2018-10-25T00:50:44Z" finished-at="2018-10-25T00:50:44Z">
          <reporter-output>
          </reporter-output>
        </test-method> <!-- afterMethod -->
        <test-method status="PASS" signature="afterClass()[pri:0, instance:API_Automation@12f203f]" name="afterClass" is-config="true" duration-ms="0" started-at="2018-10-25T00:50:44Z" finished-at="2018-10-25T00:50:44Z">
          <reporter-output>
          </reporter-output>
        </test-method> <!-- afterClass -->
        <test-method status="PASS" signature="afterTest()[pri:0, instance:API_Automation@12f203f]" name="afterTest" is-config="true" duration-ms="0" started-at="2018-10-25T00:50:44Z" finished-at="2018-10-25T00:50:44Z">
          <reporter-output>
          </reporter-output>
        </test-method> <!-- afterTest -->
      </class> <!-- API_Automation -->
    </test> <!-- Default test -->
  </suite> <!-- Default suite -->
</testng-results>
